<?xml version="1.0" encoding="utf-8"?><testsuites><testsuite errors="0" failures="0" hostname="KamDesktop" name="pytest" skipped="0" tests="5" time="0.023" timestamp="2021-07-23T00:47:44.008506"><testcase classname="testCar.Test" name="test_isMoving" time="0.001" /><testcase classname="testCar.Test" name="test_isNotMoving" time="0.001" /><testcase classname="testCar.Test" name="test_moveForward" time="0.001" /><testcase classname="testCar.Test" name="test_moveBackward" time="0.000" /><testcase classname="testCar.Test" name="test_stop" time="0.000" /></testsuite></testsuites>